<?xml version="1.0" encoding="UTF-8" ?>
<testsuite name="cxxtest" date="Thu Dec 18 11:47:17 2014" tests="3" errors="0" failures="0" time="0" >
    <testcase classname="SumOfNosTest" name="test_Unit_Test_1" line="15">
        <warning line="16" >Test skipping is not supported without exception handling.</warning>
    </testcase>
    <testcase classname="SumOfNosTest" name="test_Unit_Test_2" line="19" />
    <testcase classname="SumOfNosTest" name="test_Unit_Test_3" line="30" />
</testsuite>
